<?xml version="1.0" encoding="UTF-8"?>
<!-- Generated by org.testng.reporters.JUnitReportReporter -->
<testsuite skipped="0" hostname="DESKTOP-L6T7FRN" name="com.ups.testRunner.UpsShippingTestRunner" tests="1" failures="0" timestamp="2020-12-11T02:21:38 EST" time="21.161" errors="0">
  <testcase name="shipping" time="21.161" classname="com.ups.testRunner.UpsShippingTestRunner"/>
  <system-out/>
</testsuite> <!-- com.ups.testRunner.UpsShippingTestRunner -->
